WARNING:root:OSError while attempting to symlink the latest log directory
  ____________       _____________
 ____    |__( )_________  __/__  /________      __
____  /| |_  /__  ___/_  /_ __  /_  __ \_ | /| / /
___  ___ |  / _  /   _  __/ _  / / /_/ /_ |/ |/ /
 _/_/  |_/_/  /_/    /_/    /_/  \____/____/|__/
  ____________       _____________
 ____    |__( )_________  __/__  /________      __
____  /| |_  /__  ___/_  /_ __  /_  __ \_ | /| / /
___  ___ |  / _  /   _  __/ _  / / /_/ /_ |/ |/ /
 _/_/  |_/_/  /_/    /_/    /_/  \____/____/|__/
[2020-03-08 16:11:21,337] {__init__.py:51} INFO - Using executor SequentialExecutor
[2020-03-08 16:11:21,348] {scheduler_job.py:1344} INFO - Starting the scheduler
[2020-03-08 16:11:21,348] {scheduler_job.py:1352} INFO - Running execute loop for -1 seconds
[2020-03-08 16:11:21,349] {scheduler_job.py:1353} INFO - Processing each file at most -1 times
[2020-03-08 16:11:21,349] {scheduler_job.py:1356} INFO - Searching for files in /home/desktop/airflow/dags
[2020-03-08 16:11:21,367] {scheduler_job.py:1358} INFO - There are 25 files in /home/desktop/airflow/dags
[2020-03-08 16:11:21,368] {scheduler_job.py:1409} INFO - Resetting orphaned tasks for active dag runs
[2020-03-08 16:11:21,383] {base_job.py:316} INFO - Reset the following 2 TaskInstances:
	<TaskInstance: neobi_dag.run_ingest 2020-03-04 20:17:46.979682+00:00 [None]>
	<TaskInstance: neobi_dag.run_ingest 2020-03-03 19:00:00+00:00 [None]>
[2020-03-08 16:11:21,385] {dag_processing.py:556} INFO - Launched DagFileProcessorManager with pid: 3252
[2020-03-08 16:11:21,387] {settings.py:54} INFO - Configured default timezone <Timezone [UTC]>
[2020-03-08 16:11:21,393] {dag_processing.py:758} WARNING - Because we cannot use more than 1 thread (max_threads = 2) when using sqlite. So we set parallelism to 1.
[2020-03-08 16:11:21,438] {__init__.py:51} INFO - Using executor SequentialExecutor
[2020-03-08 16:11:21,438] {dagbag.py:403} INFO - Filling up the DagBag from /home/desktop/airflow/dags
Running the Gunicorn Server with:
Workers: 4 sync
Host: 0.0.0.0:8080
Timeout: 120
Logfiles: - -
=================================================================            
[2020-03-08 16:11:21 -0400] [3254] [INFO] Starting gunicorn 19.10.0
[2020-03-08 16:11:21 -0400] [3254] [INFO] Listening at: http://0.0.0.0:8080 (3254)
[2020-03-08 16:11:21 -0400] [3254] [INFO] Using worker: sync
[2020-03-08 16:11:21 -0400] [3258] [INFO] Booting worker with pid: 3258
[2020-03-08 16:11:22 -0400] [3259] [INFO] Booting worker with pid: 3259
[2020-03-08 16:11:22 -0400] [3271] [INFO] Booting worker with pid: 3271
[2020-03-08 16:11:22 -0400] [3272] [INFO] Booting worker with pid: 3272
[2020-03-08 16:11:22,336] {__init__.py:51} INFO - Using executor SequentialExecutor
[2020-03-08 16:11:22,337] {dagbag.py:403} INFO - Filling up the DagBag from /home/desktop/airflow/dags
[2020-03-08 16:11:22,454] {__init__.py:51} INFO - Using executor SequentialExecutor
[2020-03-08 16:11:22,455] {dagbag.py:403} INFO - Filling up the DagBag from /home/desktop/airflow/dags
[2020-03-08 16:11:22,513] {__init__.py:51} INFO - Using executor SequentialExecutor
[2020-03-08 16:11:22,513] {dagbag.py:403} INFO - Filling up the DagBag from /home/desktop/airflow/dags
[2020-03-08 16:11:22,533] {__init__.py:51} INFO - Using executor SequentialExecutor
[2020-03-08 16:11:22,533] {dagbag.py:403} INFO - Filling up the DagBag from /home/desktop/airflow/dags
[2020-03-08 16:11:29,404] {scheduler_job.py:949} INFO - 1 tasks up for execution:
	<TaskInstance: neobi_dependencies.run_dependency 2020-03-04 00:00:00+00:00 [scheduled]>
[2020-03-08 16:11:29,406] {scheduler_job.py:980} INFO - Figuring out tasks to run in Pool(name=default_pool) with 127 open slots and 1 task instances ready to be queued
[2020-03-08 16:11:29,406] {scheduler_job.py:1008} INFO - DAG neobi_dependencies has 0/16 running and queued tasks
[2020-03-08 16:11:29,408] {scheduler_job.py:1058} INFO - Setting the following tasks to queued state:
	<TaskInstance: neobi_dependencies.run_dependency 2020-03-04 00:00:00+00:00 [scheduled]>
[2020-03-08 16:11:29,413] {scheduler_job.py:1132} INFO - Setting the following 1 tasks to queued state:
	<TaskInstance: neobi_dependencies.run_dependency 2020-03-04 00:00:00+00:00 [queued]>
[2020-03-08 16:11:29,413] {scheduler_job.py:1168} INFO - Sending ('neobi_dependencies', 'run_dependency', datetime.datetime(2020, 3, 4, 0, 0, tzinfo=<Timezone [UTC]>), 1) to executor with priority 2 and queue default
[2020-03-08 16:11:29,414] {base_executor.py:58} INFO - Adding to queue: ['airflow', 'run', 'neobi_dependencies', 'run_dependency', '2020-03-04T00:00:00+00:00', '--local', '--pool', 'default_pool', '-sd', '/home/desktop/airflow/dags/neobi_airflow_1.py']
[2020-03-08 16:11:29,414] {sequential_executor.py:45} INFO - Executing command: ['airflow', 'run', 'neobi_dependencies', 'run_dependency', '2020-03-04T00:00:00+00:00', '--local', '--pool', 'default_pool', '-sd', '/home/desktop/airflow/dags/neobi_airflow_1.py']
[2020-03-08 16:11:30,105] {__init__.py:51} INFO - Using executor SequentialExecutor
[2020-03-08 16:11:30,105] {dagbag.py:403} INFO - Filling up the DagBag from /home/desktop/airflow/dags/neobi_airflow_1.py
Running %s on host %s <TaskInstance: neobi_dependencies.run_dependency 2020-03-04T00:00:00+00:00 [queued]> desktop-XPS-15-7590
127.0.0.1 - - [08/Mar/2020:16:11:33 -0400] "GET / HTTP/1.1" 302 221 "-" "Mozilla/5.0 (X11; Ubuntu; Linux x86_64; rv:73.0) Gecko/20100101 Firefox/73.0"
127.0.0.1 - - [08/Mar/2020:16:11:33 -0400] "GET /admin/ HTTP/1.1" 200 143691 "-" "Mozilla/5.0 (X11; Ubuntu; Linux x86_64; rv:73.0) Gecko/20100101 Firefox/73.0"
127.0.0.1 - - [08/Mar/2020:16:11:33 -0400] "GET /admin/admin/bootstrap/bootstrap3/swatch/default/bootstrap.min.css?v=3.3.5 HTTP/1.1" 200 0 "http://localhost:8080/admin/" "Mozilla/5.0 (X11; Ubuntu; Linux x86_64; rv:73.0) Gecko/20100101 Firefox/73.0"
127.0.0.1 - - [08/Mar/2020:16:11:33 -0400] "GET /admin/admin/bootstrap/bootstrap3/css/bootstrap-theme.min.css?v=3.3.5 HTTP/1.1" 200 0 "http://localhost:8080/admin/" "Mozilla/5.0 (X11; Ubuntu; Linux x86_64; rv:73.0) Gecko/20100101 Firefox/73.0"
127.0.0.1 - - [08/Mar/2020:16:11:33 -0400] "GET /admin/admin/admin/css/bootstrap3/submenu.css HTTP/1.1" 200 0 "http://localhost:8080/admin/" "Mozilla/5.0 (X11; Ubuntu; Linux x86_64; rv:73.0) Gecko/20100101 Firefox/73.0"
127.0.0.1 - - [08/Mar/2020:16:11:33 -0400] "GET /admin/admin/admin/css/bootstrap3/admin.css?v=1.1.1 HTTP/1.1" 200 0 "http://localhost:8080/admin/" "Mozilla/5.0 (X11; Ubuntu; Linux x86_64; rv:73.0) Gecko/20100101 Firefox/73.0"
127.0.0.1 - - [08/Mar/2020:16:11:33 -0400] "GET /static/main.css HTTP/1.1" 200 0 "http://localhost:8080/admin/" "Mozilla/5.0 (X11; Ubuntu; Linux x86_64; rv:73.0) Gecko/20100101 Firefox/73.0"
127.0.0.1 - - [08/Mar/2020:16:11:33 -0400] "GET /static/dataTables.bootstrap.css HTTP/1.1" 200 0 "http://localhost:8080/admin/" "Mozilla/5.0 (X11; Ubuntu; Linux x86_64; rv:73.0) Gecko/20100101 Firefox/73.0"
127.0.0.1 - - [08/Mar/2020:16:11:33 -0400] "GET /static/bootstrap-theme.css HTTP/1.1" 200 0 "http://localhost:8080/admin/" "Mozilla/5.0 (X11; Ubuntu; Linux x86_64; rv:73.0) Gecko/20100101 Firefox/73.0"
127.0.0.1 - - [08/Mar/2020:16:11:33 -0400] "GET /static/bootstrap-toggle.min.css HTTP/1.1" 200 0 "http://localhost:8080/admin/" "Mozilla/5.0 (X11; Ubuntu; Linux x86_64; rv:73.0) Gecko/20100101 Firefox/73.0"
127.0.0.1 - - [08/Mar/2020:16:11:33 -0400] "GET /admin/admin/vendor/jquery.min.js?v=3.3.1 HTTP/1.1" 200 0 "http://localhost:8080/admin/" "Mozilla/5.0 (X11; Ubuntu; Linux x86_64; rv:73.0) Gecko/20100101 Firefox/73.0"
127.0.0.1 - - [08/Mar/2020:16:11:33 -0400] "GET /admin/admin/bootstrap/bootstrap3/js/bootstrap.min.js?v=3.3.5 HTTP/1.1" 200 0 "http://localhost:8080/admin/" "Mozilla/5.0 (X11; Ubuntu; Linux x86_64; rv:73.0) Gecko/20100101 Firefox/73.0"
127.0.0.1 - - [08/Mar/2020:16:11:33 -0400] "GET /static/pin_100.png HTTP/1.1" 200 0 "http://localhost:8080/admin/" "Mozilla/5.0 (X11; Ubuntu; Linux x86_64; rv:73.0) Gecko/20100101 Firefox/73.0"
127.0.0.1 - - [08/Mar/2020:16:11:33 -0400] "GET /static/loading.gif HTTP/1.1" 200 0 "http://localhost:8080/admin/" "Mozilla/5.0 (X11; Ubuntu; Linux x86_64; rv:73.0) Gecko/20100101 Firefox/73.0"
127.0.0.1 - - [08/Mar/2020:16:11:33 -0400] "GET /admin/admin/vendor/moment.min.js?v=2.22.2 HTTP/1.1" 200 0 "http://localhost:8080/admin/" "Mozilla/5.0 (X11; Ubuntu; Linux x86_64; rv:73.0) Gecko/20100101 Firefox/73.0"
127.0.0.1 - - [08/Mar/2020:16:11:33 -0400] "GET /admin/admin/vendor/select2/select2.min.js?v=3.5.2 HTTP/1.1" 200 0 "http://localhost:8080/admin/" "Mozilla/5.0 (X11; Ubuntu; Linux x86_64; rv:73.0) Gecko/20100101 Firefox/73.0"
127.0.0.1 - - [08/Mar/2020:16:11:33 -0400] "GET /admin/admin/admin/js/helpers.js?v=1.0.0 HTTP/1.1" 200 0 "http://localhost:8080/admin/" "Mozilla/5.0 (X11; Ubuntu; Linux x86_64; rv:73.0) Gecko/20100101 Firefox/73.0"
127.0.0.1 - - [08/Mar/2020:16:11:33 -0400] "GET /static/jqClock.min.js HTTP/1.1" 200 0 "http://localhost:8080/admin/" "Mozilla/5.0 (X11; Ubuntu; Linux x86_64; rv:73.0) Gecko/20100101 Firefox/73.0"
127.0.0.1 - - [08/Mar/2020:16:11:33 -0400] "GET /static/d3.v3.min.js HTTP/1.1" 200 0 "http://localhost:8080/admin/" "Mozilla/5.0 (X11; Ubuntu; Linux x86_64; rv:73.0) Gecko/20100101 Firefox/73.0"
127.0.0.1 - - [08/Mar/2020:16:11:33 -0400] "GET /static/bootstrap-toggle.min.js HTTP/1.1" 200 0 "http://localhost:8080/admin/" "Mozilla/5.0 (X11; Ubuntu; Linux x86_64; rv:73.0) Gecko/20100101 Firefox/73.0"
127.0.0.1 - - [08/Mar/2020:16:11:33 -0400] "GET /static/jquery.dataTables.min.js HTTP/1.1" 200 0 "http://localhost:8080/admin/" "Mozilla/5.0 (X11; Ubuntu; Linux x86_64; rv:73.0) Gecko/20100101 Firefox/73.0"
127.0.0.1 - - [08/Mar/2020:16:11:33 -0400] "GET /static/bootstrap3-typeahead.min.js HTTP/1.1" 200 0 "http://localhost:8080/admin/" "Mozilla/5.0 (X11; Ubuntu; Linux x86_64; rv:73.0) Gecko/20100101 Firefox/73.0"
127.0.0.1 - - [08/Mar/2020:16:11:33 -0400] "GET /admin/admin/bootstrap/bootstrap3/swatch/fonts/glyphicons-halflings-regular.woff2 HTTP/1.1" 200 0 "http://localhost:8080/admin/admin/bootstrap/bootstrap3/swatch/default/bootstrap.min.css?v=3.3.5" "Mozilla/5.0 (X11; Ubuntu; Linux x86_64; rv:73.0) Gecko/20100101 Firefox/73.0"
127.0.0.1 - - [08/Mar/2020:16:11:33 -0400] "GET /admin/airflow/dag_stats HTTP/1.1" 200 11974 "http://localhost:8080/admin/" "Mozilla/5.0 (X11; Ubuntu; Linux x86_64; rv:73.0) Gecko/20100101 Firefox/73.0"
127.0.0.1 - - [08/Mar/2020:16:11:33 -0400] "GET /admin/airflow/blocked HTTP/1.1" 200 217 "http://localhost:8080/admin/" "Mozilla/5.0 (X11; Ubuntu; Linux x86_64; rv:73.0) Gecko/20100101 Firefox/73.0"
127.0.0.1 - - [08/Mar/2020:16:11:33 -0400] "GET /admin/airflow/task_stats?dag_ids=example_bash_operator,example_branch_dop_operator_v3,example_branch_operator,example_complex,example_external_task_marker_child,example_external_task_marker_parent,example_http_operator,example_passing_params_via_test_command,example_pig_operator,example_python_operator,example_short_circuit_operator,example_skip_dag,example_subdag_operator,example_trigger_controller_dag,example_trigger_target_dag,example_xcom,latest_only,latest_only_with_trigger,neobi_dag,neobi_dependencies,test_utils,tutorial HTTP/1.1" 200 35071 "http://localhost:8080/admin/" "Mozilla/5.0 (X11; Ubuntu; Linux x86_64; rv:73.0) Gecko/20100101 Firefox/73.0"
127.0.0.1 - - [08/Mar/2020:16:11:33 -0400] "GET /static/pin_32.png HTTP/1.1" 200 0 "-" "Mozilla/5.0 (X11; Ubuntu; Linux x86_64; rv:73.0) Gecko/20100101 Firefox/73.0"
[2020-03-08 16:11:42,591] {dagbag.py:403} INFO - Filling up the DagBag from /home/desktop/airflow/dags/neobi_automation.py
127.0.0.1 - - [08/Mar/2020:16:11:42 -0400] "POST /admin/airflow/paused?is_paused=false&dag_id=neobi_dag HTTP/1.1" 200 2 "http://localhost:8080/admin/" "Mozilla/5.0 (X11; Ubuntu; Linux x86_64; rv:73.0) Gecko/20100101 Firefox/73.0"
[2020-03-08 16:11:43,888] {dagbag.py:403} INFO - Filling up the DagBag from /home/desktop/airflow/dags/neobi_airflow_1.py
127.0.0.1 - - [08/Mar/2020:16:11:43 -0400] "POST /admin/airflow/paused?is_paused=false&dag_id=neobi_dependencies HTTP/1.1" 200 2 "http://localhost:8080/admin/" "Mozilla/5.0 (X11; Ubuntu; Linux x86_64; rv:73.0) Gecko/20100101 Firefox/73.0"
[2020-03-08 16:11:50,311] {scheduler_job.py:1311} INFO - Executor reports execution of neobi_dependencies.run_dependency execution_date=2020-03-04 00:00:00+00:00 exited with status success for try_number 1
[2020-03-08 16:11:53 -0400] [3254] [INFO] Handling signal: ttin
[2020-03-08 16:11:53 -0400] [4774] [INFO] Booting worker with pid: 4774
[2020-03-08 16:11:53,518] {__init__.py:51} INFO - Using executor SequentialExecutor
[2020-03-08 16:11:53,519] {dagbag.py:403} INFO - Filling up the DagBag from /home/desktop/airflow/dags
[2020-03-08 16:11:54 -0400] [3254] [INFO] Handling signal: ttou
[2020-03-08 16:11:54 -0400] [3258] [INFO] Worker exiting (pid: 3258)
[2020-03-08 16:12:24 -0400] [3254] [INFO] Handling signal: ttin
[2020-03-08 16:12:24 -0400] [4814] [INFO] Booting worker with pid: 4814
[2020-03-08 16:12:24,852] {__init__.py:51} INFO - Using executor SequentialExecutor
[2020-03-08 16:12:24,853] {dagbag.py:403} INFO - Filling up the DagBag from /home/desktop/airflow/dags
[2020-03-08 16:12:25 -0400] [3254] [INFO] Handling signal: ttou
[2020-03-08 16:12:25 -0400] [3259] [INFO] Worker exiting (pid: 3259)
[2020-03-08 16:12:55 -0400] [3254] [INFO] Handling signal: ttin
[2020-03-08 16:12:55 -0400] [4907] [INFO] Booting worker with pid: 4907
[2020-03-08 16:12:56,144] {__init__.py:51} INFO - Using executor SequentialExecutor
[2020-03-08 16:12:56,144] {dagbag.py:403} INFO - Filling up the DagBag from /home/desktop/airflow/dags
[2020-03-08 16:12:57 -0400] [3254] [INFO] Handling signal: ttou
[2020-03-08 16:12:57 -0400] [3271] [INFO] Worker exiting (pid: 3271)
[2020-03-08 16:13:27 -0400] [3254] [INFO] Handling signal: ttin
[2020-03-08 16:13:27 -0400] [4989] [INFO] Booting worker with pid: 4989
[2020-03-08 16:13:27,463] {__init__.py:51} INFO - Using executor SequentialExecutor
[2020-03-08 16:13:27,463] {dagbag.py:403} INFO - Filling up the DagBag from /home/desktop/airflow/dags
[2020-03-08 16:13:28 -0400] [3254] [INFO] Handling signal: ttou
[2020-03-08 16:13:28 -0400] [3272] [INFO] Worker exiting (pid: 3272)
[2020-03-08 16:13:30 -0400] [3254] [INFO] Handling signal: hup
[2020-03-08 16:13:30 -0400] [3254] [INFO] Hang up: Master
[2020-03-08 16:13:30 -0400] [5003] [INFO] Booting worker with pid: 5003
[2020-03-08 16:13:30 -0400] [5004] [INFO] Booting worker with pid: 5004
[2020-03-08 16:13:30 -0400] [5005] [INFO] Booting worker with pid: 5005
[2020-03-08 16:13:30 -0400] [5006] [INFO] Booting worker with pid: 5006
[2020-03-08 16:13:30,964] {__init__.py:51} INFO - Using executor SequentialExecutor
[2020-03-08 16:13:30,964] {dagbag.py:403} INFO - Filling up the DagBag from /home/desktop/airflow/dags
[2020-03-08 16:13:30,965] {__init__.py:51} INFO - Using executor SequentialExecutor
[2020-03-08 16:13:30,965] {dagbag.py:403} INFO - Filling up the DagBag from /home/desktop/airflow/dags
[2020-03-08 16:13:30,965] {__init__.py:51} INFO - Using executor SequentialExecutor
[2020-03-08 16:13:30,966] {dagbag.py:403} INFO - Filling up the DagBag from /home/desktop/airflow/dags
[2020-03-08 16:13:30,967] {__init__.py:51} INFO - Using executor SequentialExecutor
[2020-03-08 16:13:30,968] {dagbag.py:403} INFO - Filling up the DagBag from /home/desktop/airflow/dags
[2020-03-08 16:13:58 -0400] [3254] [INFO] Handling signal: ttin
[2020-03-08 16:13:58 -0400] [5091] [INFO] Booting worker with pid: 5091
[2020-03-08 16:13:58,818] {__init__.py:51} INFO - Using executor SequentialExecutor
[2020-03-08 16:13:58,818] {dagbag.py:403} INFO - Filling up the DagBag from /home/desktop/airflow/dags
[2020-03-08 16:13:59 -0400] [3254] [INFO] Handling signal: ttou
[2020-03-08 16:13:59 -0400] [5003] [INFO] Worker exiting (pid: 5003)
[2020-03-08 16:14:29 -0400] [3254] [INFO] Handling signal: ttin
[2020-03-08 16:14:29 -0400] [5149] [INFO] Booting worker with pid: 5149
[2020-03-08 16:14:30,065] {__init__.py:51} INFO - Using executor SequentialExecutor
[2020-03-08 16:14:30,065] {dagbag.py:403} INFO - Filling up the DagBag from /home/desktop/airflow/dags
[2020-03-08 16:14:30 -0400] [3254] [INFO] Handling signal: ttou
[2020-03-08 16:14:30 -0400] [5004] [INFO] Worker exiting (pid: 5004)
[2020-03-08 16:15:01 -0400] [3254] [INFO] Handling signal: ttin
[2020-03-08 16:15:01 -0400] [5241] [INFO] Booting worker with pid: 5241
[2020-03-08 16:15:01,376] {__init__.py:51} INFO - Using executor SequentialExecutor
[2020-03-08 16:15:01,377] {dagbag.py:403} INFO - Filling up the DagBag from /home/desktop/airflow/dags
[2020-03-08 16:15:02 -0400] [3254] [INFO] Handling signal: ttou
[2020-03-08 16:15:02 -0400] [5005] [INFO] Worker exiting (pid: 5005)
[2020-03-08 16:15:32 -0400] [3254] [INFO] Handling signal: ttin
[2020-03-08 16:15:32 -0400] [5339] [INFO] Booting worker with pid: 5339
[2020-03-08 16:15:32,717] {__init__.py:51} INFO - Using executor SequentialExecutor
[2020-03-08 16:15:32,717] {dagbag.py:403} INFO - Filling up the DagBag from /home/desktop/airflow/dags
[2020-03-08 16:15:33 -0400] [3254] [INFO] Handling signal: ttou
[2020-03-08 16:15:33 -0400] [5006] [INFO] Worker exiting (pid: 5006)
[2020-03-08 16:16:03 -0400] [3254] [INFO] Handling signal: ttin
[2020-03-08 16:16:03 -0400] [5419] [INFO] Booting worker with pid: 5419
[2020-03-08 16:16:04,035] {__init__.py:51} INFO - Using executor SequentialExecutor
[2020-03-08 16:16:04,035] {dagbag.py:403} INFO - Filling up the DagBag from /home/desktop/airflow/dags
[2020-03-08 16:16:04 -0400] [3254] [INFO] Handling signal: ttou
[2020-03-08 16:16:04 -0400] [5091] [INFO] Worker exiting (pid: 5091)
[2020-03-08 16:16:35 -0400] [3254] [INFO] Handling signal: ttin
[2020-03-08 16:16:35 -0400] [5521] [INFO] Booting worker with pid: 5521
[2020-03-08 16:16:35,411] {__init__.py:51} INFO - Using executor SequentialExecutor
[2020-03-08 16:16:35,412] {dagbag.py:403} INFO - Filling up the DagBag from /home/desktop/airflow/dags
[2020-03-08 16:16:36 -0400] [3254] [INFO] Handling signal: ttou
[2020-03-08 16:16:36 -0400] [5149] [INFO] Worker exiting (pid: 5149)
[2020-03-08 16:17:06 -0400] [3254] [INFO] Handling signal: ttin
[2020-03-08 16:17:06 -0400] [5555] [INFO] Booting worker with pid: 5555
[2020-03-08 16:17:06,780] {__init__.py:51} INFO - Using executor SequentialExecutor
[2020-03-08 16:17:06,780] {dagbag.py:403} INFO - Filling up the DagBag from /home/desktop/airflow/dags
[2020-03-08 16:17:07 -0400] [3254] [INFO] Handling signal: ttou
[2020-03-08 16:17:07 -0400] [5241] [INFO] Worker exiting (pid: 5241)
[2020-03-08 16:17:37 -0400] [3254] [INFO] Handling signal: ttin
[2020-03-08 16:17:37 -0400] [5588] [INFO] Booting worker with pid: 5588
[2020-03-08 16:17:38,159] {__init__.py:51} INFO - Using executor SequentialExecutor
[2020-03-08 16:17:38,160] {dagbag.py:403} INFO - Filling up the DagBag from /home/desktop/airflow/dags
[2020-03-08 16:17:39 -0400] [3254] [INFO] Handling signal: ttou
[2020-03-08 16:17:39 -0400] [5339] [INFO] Worker exiting (pid: 5339)
[2020-03-08 16:18:09 -0400] [3254] [INFO] Handling signal: ttin
[2020-03-08 16:18:09 -0400] [5733] [INFO] Booting worker with pid: 5733
[2020-03-08 16:18:09,579] {__init__.py:51} INFO - Using executor SequentialExecutor
[2020-03-08 16:18:09,580] {dagbag.py:403} INFO - Filling up the DagBag from /home/desktop/airflow/dags
[2020-03-08 16:18:10 -0400] [3254] [INFO] Handling signal: ttou
[2020-03-08 16:18:10 -0400] [5419] [INFO] Worker exiting (pid: 5419)
[2020-03-08 16:18:40 -0400] [3254] [INFO] Handling signal: ttin
[2020-03-08 16:18:40 -0400] [5790] [INFO] Booting worker with pid: 5790
[2020-03-08 16:18:40,896] {__init__.py:51} INFO - Using executor SequentialExecutor
[2020-03-08 16:18:40,897] {dagbag.py:403} INFO - Filling up the DagBag from /home/desktop/airflow/dags
[2020-03-08 16:18:41 -0400] [3254] [INFO] Handling signal: ttou
[2020-03-08 16:18:41 -0400] [5521] [INFO] Worker exiting (pid: 5521)
[2020-03-08 16:19:11 -0400] [3254] [INFO] Handling signal: ttin
[2020-03-08 16:19:11 -0400] [5838] [INFO] Booting worker with pid: 5838
[2020-03-08 16:19:12,253] {__init__.py:51} INFO - Using executor SequentialExecutor
[2020-03-08 16:19:12,253] {dagbag.py:403} INFO - Filling up the DagBag from /home/desktop/airflow/dags
[2020-03-08 16:19:13 -0400] [3254] [INFO] Handling signal: ttou
[2020-03-08 16:19:13 -0400] [5555] [INFO] Worker exiting (pid: 5555)
[2020-03-08 16:19:43 -0400] [3254] [INFO] Handling signal: ttin
[2020-03-08 16:19:43 -0400] [5893] [INFO] Booting worker with pid: 5893
[2020-03-08 16:19:43,516] {__init__.py:51} INFO - Using executor SequentialExecutor
[2020-03-08 16:19:43,516] {dagbag.py:403} INFO - Filling up the DagBag from /home/desktop/airflow/dags
[2020-03-08 16:19:44 -0400] [3254] [INFO] Handling signal: ttou
[2020-03-08 16:19:44 -0400] [5588] [INFO] Worker exiting (pid: 5588)
[2020-03-08 16:20:14 -0400] [3254] [INFO] Handling signal: ttin
[2020-03-08 16:20:14 -0400] [5927] [INFO] Booting worker with pid: 5927
[2020-03-08 16:20:14,830] {__init__.py:51} INFO - Using executor SequentialExecutor
[2020-03-08 16:20:14,831] {dagbag.py:403} INFO - Filling up the DagBag from /home/desktop/airflow/dags
[2020-03-08 16:20:15 -0400] [3254] [INFO] Handling signal: ttou
[2020-03-08 16:20:15 -0400] [5733] [INFO] Worker exiting (pid: 5733)
[2020-03-08 16:20:45 -0400] [3254] [INFO] Handling signal: ttin
[2020-03-08 16:20:45 -0400] [5971] [INFO] Booting worker with pid: 5971
[2020-03-08 16:20:46,169] {__init__.py:51} INFO - Using executor SequentialExecutor
[2020-03-08 16:20:46,170] {dagbag.py:403} INFO - Filling up the DagBag from /home/desktop/airflow/dags
[2020-03-08 16:20:47 -0400] [3254] [INFO] Handling signal: ttou
[2020-03-08 16:20:47 -0400] [5790] [INFO] Worker exiting (pid: 5790)
[2020-03-08 16:21:17 -0400] [3254] [INFO] Handling signal: ttin
[2020-03-08 16:21:17 -0400] [6008] [INFO] Booting worker with pid: 6008
[2020-03-08 16:21:17,517] {__init__.py:51} INFO - Using executor SequentialExecutor
[2020-03-08 16:21:17,517] {dagbag.py:403} INFO - Filling up the DagBag from /home/desktop/airflow/dags
[2020-03-08 16:21:18 -0400] [3254] [INFO] Handling signal: ttou
[2020-03-08 16:21:18 -0400] [5838] [INFO] Worker exiting (pid: 5838)
[2020-03-08 16:21:48 -0400] [3254] [INFO] Handling signal: ttin
[2020-03-08 16:21:48 -0400] [6048] [INFO] Booting worker with pid: 6048
[2020-03-08 16:21:48,850] {__init__.py:51} INFO - Using executor SequentialExecutor
[2020-03-08 16:21:48,851] {dagbag.py:403} INFO - Filling up the DagBag from /home/desktop/airflow/dags
[2020-03-08 16:21:49 -0400] [3254] [INFO] Handling signal: ttou
[2020-03-08 16:21:49 -0400] [5893] [INFO] Worker exiting (pid: 5893)
[2020-03-08 16:22:19 -0400] [3254] [INFO] Handling signal: ttin
[2020-03-08 16:22:19 -0400] [6076] [INFO] Booting worker with pid: 6076
[2020-03-08 16:22:20,176] {__init__.py:51} INFO - Using executor SequentialExecutor
[2020-03-08 16:22:20,177] {dagbag.py:403} INFO - Filling up the DagBag from /home/desktop/airflow/dags
[2020-03-08 16:22:21 -0400] [3254] [INFO] Handling signal: ttou
[2020-03-08 16:22:21 -0400] [5927] [INFO] Worker exiting (pid: 5927)
[2020-03-08 16:22:51 -0400] [3254] [INFO] Handling signal: ttin
[2020-03-08 16:22:51 -0400] [6106] [INFO] Booting worker with pid: 6106
[2020-03-08 16:22:51,519] {__init__.py:51} INFO - Using executor SequentialExecutor
[2020-03-08 16:22:51,520] {dagbag.py:403} INFO - Filling up the DagBag from /home/desktop/airflow/dags
[2020-03-08 16:22:52 -0400] [3254] [INFO] Handling signal: ttou
[2020-03-08 16:22:52 -0400] [5971] [INFO] Worker exiting (pid: 5971)
[2020-03-08 16:23:22 -0400] [3254] [INFO] Handling signal: ttin
[2020-03-08 16:23:22 -0400] [6141] [INFO] Booting worker with pid: 6141
[2020-03-08 16:23:22,828] {__init__.py:51} INFO - Using executor SequentialExecutor
[2020-03-08 16:23:22,829] {dagbag.py:403} INFO - Filling up the DagBag from /home/desktop/airflow/dags
[2020-03-08 16:23:23 -0400] [3254] [INFO] Handling signal: ttou
[2020-03-08 16:23:23 -0400] [6008] [INFO] Worker exiting (pid: 6008)
